NOTE: Configuring authentication for SERVER mode.

pgAdmin 4 - Application Initialisation
======================================

postfix/postlog: starting the Postfix mail system
[2024-01-30 15:22:44 +0000] [1] [INFO] Starting gunicorn 20.1.0
[2024-01-30 15:22:44 +0000] [1] [INFO] Listening at: http://[::]:80 (1)
[2024-01-30 15:22:44 +0000] [1] [INFO] Using worker: gthread
[2024-01-30 15:22:44 +0000] [116] [INFO] Booting worker with pid: 116
::ffff:105.66.135.6 - - [30/Jan/2024:15:22:59 +0000] "POST /misc/cleanup HTTP/1.1" 200 0 "http://website.zz.cloudns.ph:8080/browser/" "Mozilla/5.0 (Windows NT 10.0; Win64; x64) AppleWebKit/537.36 (KHTML, like Gecko) Chrome/121.0.0.0 Safari/537.36"
2024-01-30 15:25:02,929: ERROR	pgadmin:	400 Bad Request: The CSRF session token is missing.
Traceback (most recent call last):
  File "/venv/lib/python3.11/site-packages/flask_wtf/csrf.py", line 261, in protect
    validate_csrf(self._get_csrf_token())
  File "/venv/lib/python3.11/site-packages/flask_wtf/csrf.py", line 103, in validate_csrf
    raise ValidationError("The CSRF session token is missing.")
wtforms.validators.ValidationError: The CSRF session token is missing.

During handling of the above exception, another exception occurred:

Traceback (most recent call last):
  File "/venv/lib/python3.11/site-packages/flask/app.py", line 1482, in full_dispatch_request
    rv = self.preprocess_request()
         ^^^^^^^^^^^^^^^^^^^^^^^^^
  File "/venv/lib/python3.11/site-packages/flask/app.py", line 1974, in preprocess_request
    rv = self.ensure_sync(before_func)()
         ^^^^^^^^^^^^^^^^^^^^^^^^^^^^^^^
  File "/venv/lib/python3.11/site-packages/flask_wtf/csrf.py", line 229, in csrf_protect
    self.protect()
  File "/venv/lib/python3.11/site-packages/flask_wtf/csrf.py", line 264, in protect
    self._error_response(e.args[0])
  File "/venv/lib/python3.11/site-packages/flask_wtf/csrf.py", line 307, in _error_response
    raise CSRFError(reason)
flask_wtf.csrf.CSRFError: 400 Bad Request: The CSRF session token is missing.
::ffff:105.66.135.6 - - [30/Jan/2024:15:25:02 +0000] "GET /sqleditor/status/1124792 HTTP/1.1" 400 125 "http://website.zz.cloudns.ph:8080/sqleditor/panel/1124792?is_query_tool=true&sgid=1&sid=1&did=13423&database_name=postgres" "Mozilla/5.0 (Windows NT 10.0; Win64; x64) AppleWebKit/537.36 (KHTML, like Gecko) Chrome/121.0.0.0 Safari/537.36"
2024-01-30 15:25:04,790: ERROR	pgadmin:	400 Bad Request: The CSRF session token is missing.
Traceback (most recent call last):
  File "/venv/lib/python3.11/site-packages/flask_wtf/csrf.py", line 261, in protect
    validate_csrf(self._get_csrf_token())
  File "/venv/lib/python3.11/site-packages/flask_wtf/csrf.py", line 103, in validate_csrf
    raise ValidationError("The CSRF session token is missing.")
wtforms.validators.ValidationError: The CSRF session token is missing.

During handling of the above exception, another exception occurred:

Traceback (most recent call last):
  File "/venv/lib/python3.11/site-packages/flask/app.py", line 1482, in full_dispatch_request
    rv = self.preprocess_request()
         ^^^^^^^^^^^^^^^^^^^^^^^^^
  File "/venv/lib/python3.11/site-packages/flask/app.py", line 1974, in preprocess_request
    rv = self.ensure_sync(before_func)()
         ^^^^^^^^^^^^^^^^^^^^^^^^^^^^^^^
  File "/venv/lib/python3.11/site-packages/flask_wtf/csrf.py", line 229, in csrf_protect
    self.protect()
  File "/venv/lib/python3.11/site-packages/flask_wtf/csrf.py", line 264, in protect
    self._error_response(e.args[0])
  File "/venv/lib/python3.11/site-packages/flask_wtf/csrf.py", line 307, in _error_response
    raise CSRFError(reason)
flask_wtf.csrf.CSRFError: 400 Bad Request: The CSRF session token is missing.
::ffff:105.66.135.6 - - [30/Jan/2024:15:25:04 +0000] "GET /sqleditor/status/1124792 HTTP/1.1" 400 125 "http://website.zz.cloudns.ph:8080/sqleditor/panel/1124792?is_query_tool=true&sgid=1&sid=1&did=13423&database_name=postgres" "Mozilla/5.0 (Windows NT 10.0; Win64; x64) AppleWebKit/537.36 (KHTML, like Gecko) Chrome/121.0.0.0 Safari/537.36"
::ffff:105.66.135.6 - - [30/Jan/2024:15:25:06 +0000] "GET /sqleditor/status/1124792 HTTP/1.1" 400 125 "http://website.zz.cloudns.ph:8080/sqleditor/panel/1124792?is_query_tool=true&sgid=1&sid=1&did=13423&database_name=postgres" "Mozilla/5.0 (Windows NT 10.0; Win64; x64) AppleWebKit/537.36 (KHTML, like Gecko) Chrome/121.0.0.0 Safari/537.36"
2024-01-30 15:25:06,789: ERROR	pgadmin:	400 Bad Request: The CSRF session token is missing.
Traceback (most recent call last):
  File "/venv/lib/python3.11/site-packages/flask_wtf/csrf.py", line 261, in protect
    validate_csrf(self._get_csrf_token())
  File "/venv/lib/python3.11/site-packages/flask_wtf/csrf.py", line 103, in validate_csrf
    raise ValidationError("The CSRF session token is missing.")
wtforms.validators.ValidationError: The CSRF session token is missing.

During handling of the above exception, another exception occurred:

Traceback (most recent call last):
  File "/venv/lib/python3.11/site-packages/flask/app.py", line 1482, in full_dispatch_request
    rv = self.preprocess_request()
         ^^^^^^^^^^^^^^^^^^^^^^^^^
  File "/venv/lib/python3.11/site-packages/flask/app.py", line 1974, in preprocess_request
    rv = self.ensure_sync(before_func)()
         ^^^^^^^^^^^^^^^^^^^^^^^^^^^^^^^
  File "/venv/lib/python3.11/site-packages/flask_wtf/csrf.py", line 229, in csrf_protect
    self.protect()
  File "/venv/lib/python3.11/site-packages/flask_wtf/csrf.py", line 264, in protect
    self._error_response(e.args[0])
  File "/venv/lib/python3.11/site-packages/flask_wtf/csrf.py", line 307, in _error_response
    raise CSRFError(reason)
flask_wtf.csrf.CSRFError: 400 Bad Request: The CSRF session token is missing.
2024-01-30 15:25:08,982: ERROR	pgadmin:	400 Bad Request: The CSRF session token is missing.
Traceback (most recent call last):
  File "/venv/lib/python3.11/site-packages/flask_wtf/csrf.py", line 261, in protect
    validate_csrf(self._get_csrf_token())
  File "/venv/lib/python3.11/site-packages/flask_wtf/csrf.py", line 103, in validate_csrf
    raise ValidationError("The CSRF session token is missing.")
wtforms.validators.ValidationError: The CSRF session token is missing.

During handling of the above exception, another exception occurred:

Traceback (most recent call last):
  File "/venv/lib/python3.11/site-packages/flask/app.py", line 1482, in full_dispatch_request
    rv = self.preprocess_request()
         ^^^^^^^^^^^^^^^^^^^^^^^^^
  File "/venv/lib/python3.11/site-packages/flask/app.py", line 1974, in preprocess_request
    rv = self.ensure_sync(before_func)()
         ^^^^^^^^^^^^^^^^^^^^^^^^^^^^^^^
  File "/venv/lib/python3.11/site-packages/flask_wtf/csrf.py", line 229, in csrf_protect
    self.protect()
  File "/venv/lib/python3.11/site-packages/flask_wtf/csrf.py", line 264, in protect
    self._error_response(e.args[0])
  File "/venv/lib/python3.11/site-packages/flask_wtf/csrf.py", line 307, in _error_response
    raise CSRFError(reason)
flask_wtf.csrf.CSRFError: 400 Bad Request: The CSRF session token is missing.
::ffff:105.66.135.6 - - [30/Jan/2024:15:25:08 +0000] "GET /browser/ HTTP/1.1" 302 237 "-" "Mozilla/5.0 (Windows NT 10.0; Win64; x64) AppleWebKit/537.36 (KHTML, like Gecko) Chrome/121.0.0.0 Safari/537.36"
::ffff:105.66.135.6 - - [30/Jan/2024:15:25:08 +0000] "GET /sqleditor/status/1124792 HTTP/1.1" 400 125 "http://website.zz.cloudns.ph:8080/sqleditor/panel/1124792?is_query_tool=true&sgid=1&sid=1&did=13423&database_name=postgres" "Mozilla/5.0 (Windows NT 10.0; Win64; x64) AppleWebKit/537.36 (KHTML, like Gecko) Chrome/121.0.0.0 Safari/537.36"
::ffff:105.66.135.6 - - [30/Jan/2024:15:25:09 +0000] "GET /login?next=%2Fbrowser%2F HTTP/1.1" 200 2348 "-" "Mozilla/5.0 (Windows NT 10.0; Win64; x64) AppleWebKit/537.36 (KHTML, like Gecko) Chrome/121.0.0.0 Safari/537.36"
2024-01-30 15:25:09,354: ERROR	pgadmin:	400 Bad Request: The CSRF token is invalid.
Traceback (most recent call last):
  File "/venv/lib/python3.11/site-packages/flask_wtf/csrf.py", line 108, in validate_csrf
    token = s.loads(data, max_age=time_limit)
            ^^^^^^^^^^^^^^^^^^^^^^^^^^^^^^^^^
  File "/venv/lib/python3.11/site-packages/itsdangerous/timed.py", line 226, in loads
    raise _t.cast(BadSignature, last_exception)
  File "/venv/lib/python3.11/site-packages/itsdangerous/timed.py", line 210, in loads
    base64d, timestamp = signer.unsign(
                         ^^^^^^^^^^^^^^
  File "/venv/lib/python3.11/site-packages/itsdangerous/timed.py", line 136, in unsign
    raise BadTimeSignature(str(sig_error), payload=value, date_signed=ts_dt)
itsdangerous.exc.BadTimeSignature: Signature b'PGl9zCEK70jloLLqHryR-t9uB2Q' does not match

The above exception was the direct cause of the following exception:

Traceback (most recent call last):
  File "/venv/lib/python3.11/site-packages/flask_wtf/csrf.py", line 261, in protect
    validate_csrf(self._get_csrf_token())
  File "/venv/lib/python3.11/site-packages/flask_wtf/csrf.py", line 112, in validate_csrf
    raise ValidationError("The CSRF token is invalid.") from e
wtforms.validators.ValidationError: The CSRF token is invalid.

During handling of the above exception, another exception occurred:

Traceback (most recent call last):
  File "/venv/lib/python3.11/site-packages/flask/app.py", line 1482, in full_dispatch_request
    rv = self.preprocess_request()
         ^^^^^^^^^^^^^^^^^^^^^^^^^
  File "/venv/lib/python3.11/site-packages/flask/app.py", line 1974, in preprocess_request
    rv = self.ensure_sync(before_func)()
         ^^^^^^^^^^^^^^^^^^^^^^^^^^^^^^^
  File "/venv/lib/python3.11/site-packages/flask_wtf/csrf.py", line 229, in csrf_protect
    self.protect()
  File "/venv/lib/python3.11/site-packages/flask_wtf/csrf.py", line 264, in protect
    self._error_response(e.args[0])
  File "/venv/lib/python3.11/site-packages/flask_wtf/csrf.py", line 307, in _error_response
    raise CSRFError(reason)
flask_wtf.csrf.CSRFError: 400 Bad Request: The CSRF token is invalid.
::ffff:105.66.135.6 - - [30/Jan/2024:15:25:09 +0000] "DELETE /sqleditor/close/1124792 HTTP/1.1" 400 117 "http://website.zz.cloudns.ph:8080/sqleditor/panel/1124792?is_query_tool=true&sgid=1&sid=1&did=13423&database_name=postgres" "Mozilla/5.0 (Windows NT 10.0; Win64; x64) AppleWebKit/537.36 (KHTML, like Gecko) Chrome/121.0.0.0 Safari/537.36"
::ffff:105.66.135.6 - - [30/Jan/2024:15:25:09 +0000] "GET /browser/js/endpoints.js?ver=80200 HTTP/1.1" 200 3124 "http://website.zz.cloudns.ph:8080/login?next=%2Fbrowser%2F" "Mozilla/5.0 (Windows NT 10.0; Win64; x64) AppleWebKit/537.36 (KHTML, like Gecko) Chrome/121.0.0.0 Safari/537.36"
::ffff:105.66.135.6 - - [30/Jan/2024:15:25:09 +0000] "GET /tools/translations.js?ver=80200 HTTP/1.1" 200 321 "http://website.zz.cloudns.ph:8080/login?next=%2Fbrowser%2F" "Mozilla/5.0 (Windows NT 10.0; Win64; x64) AppleWebKit/537.36 (KHTML, like Gecko) Chrome/121.0.0.0 Safari/537.36"
::ffff:105.66.135.6 - - [30/Jan/2024:15:25:10 +0000] "GET /favicon.ico?ver=80200 HTTP/1.1" 302 245 "http://website.zz.cloudns.ph:8080/login?next=%2Fbrowser%2F" "Mozilla/5.0 (Windows NT 10.0; Win64; x64) AppleWebKit/537.36 (KHTML, like Gecko) Chrome/121.0.0.0 Safari/537.36"
::ffff:105.66.135.6 - - [30/Jan/2024:15:25:10 +0000] "GET /static/favicon.ico?ver=80200 HTTP/1.1" 200 0 "http://website.zz.cloudns.ph:8080/login?next=%2Fbrowser%2F" "Mozilla/5.0 (Windows NT 10.0; Win64; x64) AppleWebKit/537.36 (KHTML, like Gecko) Chrome/121.0.0.0 Safari/537.36"
::ffff:105.66.135.6 - - [30/Jan/2024:15:25:13 +0000] "POST /authenticate/login HTTP/1.1" 302 205 "http://website.zz.cloudns.ph:8080/login?next=%2Fbrowser%2F" "Mozilla/5.0 (Windows NT 10.0; Win64; x64) AppleWebKit/537.36 (KHTML, like Gecko) Chrome/121.0.0.0 Safari/537.36"
::ffff:105.66.135.6 - - [30/Jan/2024:15:25:13 +0000] "GET /browser/ HTTP/1.1" 200 2524 "http://website.zz.cloudns.ph:8080/login?next=%2Fbrowser%2F" "Mozilla/5.0 (Windows NT 10.0; Win64; x64) AppleWebKit/537.36 (KHTML, like Gecko) Chrome/121.0.0.0 Safari/537.36"
::ffff:105.66.135.6 - - [30/Jan/2024:15:25:13 +0000] "GET /browser/browser.css?ver=80200 HTTP/1.1" 200 5350 "http://website.zz.cloudns.ph:8080/browser/" "Mozilla/5.0 (Windows NT 10.0; Win64; x64) AppleWebKit/537.36 (KHTML, like Gecko) Chrome/121.0.0.0 Safari/537.36"
::ffff:105.66.135.6 - - [30/Jan/2024:15:25:14 +0000] "GET /browser/js/endpoints.js?ver=80200 HTTP/1.1" 200 3124 "http://website.zz.cloudns.ph:8080/browser/" "Mozilla/5.0 (Windows NT 10.0; Win64; x64) AppleWebKit/537.36 (KHTML, like Gecko) Chrome/121.0.0.0 Safari/537.36"
::ffff:105.66.135.6 - - [30/Jan/2024:15:25:14 +0000] "GET /browser/js/messages.js?ver=80200 HTTP/1.1" 200 811 "http://website.zz.cloudns.ph:8080/browser/" "Mozilla/5.0 (Windows NT 10.0; Win64; x64) AppleWebKit/537.36 (KHTML, like Gecko) Chrome/121.0.0.0 Safari/537.36"
::ffff:105.66.135.6 - - [30/Jan/2024:15:25:14 +0000] "GET /tools/translations.js?ver=80200 HTTP/1.1" 200 321 "http://website.zz.cloudns.ph:8080/browser/" "Mozilla/5.0 (Windows NT 10.0; Win64; x64) AppleWebKit/537.36 (KHTML, like Gecko) Chrome/121.0.0.0 Safari/537.36"
::ffff:105.66.135.6 - - [30/Jan/2024:15:25:14 +0000] "GET /browser/js/utils.js?ver=80200 HTTP/1.1" 200 1906 "http://website.zz.cloudns.ph:8080/browser/" "Mozilla/5.0 (Windows NT 10.0; Win64; x64) AppleWebKit/537.36 (KHTML, like Gecko) Chrome/121.0.0.0 Safari/537.36"
::ffff:105.66.135.6 - - [30/Jan/2024:15:25:14 +0000] "GET /user_management/current_user.js?ver=80200 HTTP/1.1" 200 307 "http://website.zz.cloudns.ph:8080/browser/" "Mozilla/5.0 (Windows NT 10.0; Win64; x64) AppleWebKit/537.36 (KHTML, like Gecko) Chrome/121.0.0.0 Safari/537.36"
::ffff:105.66.135.6 - - [30/Jan/2024:15:25:14 +0000] "GET /browser/server/supported_servers.js?ver=80200 HTTP/1.1" 200 290 "http://website.zz.cloudns.ph:8080/browser/" "Mozilla/5.0 (Windows NT 10.0; Win64; x64) AppleWebKit/537.36 (KHTML, like Gecko) Chrome/121.0.0.0 Safari/537.36"
::ffff:105.66.135.6 - - [30/Jan/2024:15:25:14 +0000] "GET /browser/check_corrupted_db_file HTTP/1.1" 200 61 "http://website.zz.cloudns.ph:8080/browser/" "Mozilla/5.0 (Windows NT 10.0; Win64; x64) AppleWebKit/537.36 (KHTML, like Gecko) Chrome/121.0.0.0 Safari/537.36"
::ffff:105.66.135.6 - - [30/Jan/2024:15:25:14 +0000] "GET /misc/bgprocess/ HTTP/1.1" 200 2 "http://website.zz.cloudns.ph:8080/browser/" "Mozilla/5.0 (Windows NT 10.0; Win64; x64) AppleWebKit/537.36 (KHTML, like Gecko) Chrome/121.0.0.0 Safari/537.36"
::ffff:105.66.135.6 - - [30/Jan/2024:15:25:14 +0000] "GET /preferences/get_all HTTP/1.1" 200 9402 "http://website.zz.cloudns.ph:8080/browser/" "Mozilla/5.0 (Windows NT 10.0; Win64; x64) AppleWebKit/537.36 (KHTML, like Gecko) Chrome/121.0.0.0 Safari/537.36"
::ffff:105.66.135.6 - - [30/Jan/2024:15:25:15 +0000] "GET /settings/get_tree_state/ HTTP/1.1" 200 0 "http://website.zz.cloudns.ph:8080/browser/" "Mozilla/5.0 (Windows NT 10.0; Win64; x64) AppleWebKit/537.36 (KHTML, like Gecko) Chrome/121.0.0.0 Safari/537.36"
::ffff:105.66.135.6 - - [30/Jan/2024:15:25:15 +0000] "GET /browser/nodes/ HTTP/1.1" 200 273 "http://website.zz.cloudns.ph:8080/browser/" "Mozilla/5.0 (Windows NT 10.0; Win64; x64) AppleWebKit/537.36 (KHTML, like Gecko) Chrome/121.0.0.0 Safari/537.36"
::ffff:105.66.135.6 - - [30/Jan/2024:15:25:15 +0000] "POST /browser/master_password HTTP/1.1" 200 174 "http://website.zz.cloudns.ph:8080/browser/" "Mozilla/5.0 (Windows NT 10.0; Win64; x64) AppleWebKit/537.36 (KHTML, like Gecko) Chrome/121.0.0.0 Safari/537.36"
::ffff:105.66.135.6 - - [30/Jan/2024:15:25:16 +0000] "GET /misc/upgrade_check HTTP/1.1" 200 77 "http://website.zz.cloudns.ph:8080/browser/" "Mozilla/5.0 (Windows NT 10.0; Win64; x64) AppleWebKit/537.36 (KHTML, like Gecko) Chrome/121.0.0.0 Safari/537.36"
::ffff:105.66.135.6 - - [30/Jan/2024:15:25:16 +0000] "POST /settings/store HTTP/1.1" 200 77 "http://website.zz.cloudns.ph:8080/browser/" "Mozilla/5.0 (Windows NT 10.0; Win64; x64) AppleWebKit/537.36 (KHTML, like Gecko) Chrome/121.0.0.0 Safari/537.36"
::ffff:105.66.135.6 - - [30/Jan/2024:15:25:16 +0000] "GET /browser/server_group/nodes/ HTTP/1.1" 200 242 "http://website.zz.cloudns.ph:8080/browser/" "Mozilla/5.0 (Windows NT 10.0; Win64; x64) AppleWebKit/537.36 (KHTML, like Gecko) Chrome/121.0.0.0 Safari/537.36"
::ffff:105.66.135.6 - - [30/Jan/2024:15:25:20 +0000] "GET /browser/server_group/children/1 HTTP/1.1" 200 61 "http://website.zz.cloudns.ph:8080/browser/" "Mozilla/5.0 (Windows NT 10.0; Win64; x64) AppleWebKit/537.36 (KHTML, like Gecko) Chrome/121.0.0.0 Safari/537.36"
::ffff:105.66.135.6 - - [30/Jan/2024:15:25:24 +0000] "POST /settings/store HTTP/1.1" 200 77 "http://website.zz.cloudns.ph:8080/browser/" "Mozilla/5.0 (Windows NT 10.0; Win64; x64) AppleWebKit/537.36 (KHTML, like Gecko) Chrome/121.0.0.0 Safari/537.36"
::ffff:105.66.135.6 - - [30/Jan/2024:15:25:45 +0000] "POST /settings/save_tree_state/ HTTP/1.1" 200 63 "http://website.zz.cloudns.ph:8080/browser/" "Mozilla/5.0 (Windows NT 10.0; Win64; x64) AppleWebKit/537.36 (KHTML, like Gecko) Chrome/121.0.0.0 Safari/537.36"
::ffff:105.66.135.6 - - [30/Jan/2024:15:25:45 +0000] "POST /browser/server/obj/1/ HTTP/1.1" 200 466 "http://website.zz.cloudns.ph:8080/browser/" "Mozilla/5.0 (Windows NT 10.0; Win64; x64) AppleWebKit/537.36 (KHTML, like Gecko) Chrome/121.0.0.0 Safari/537.36"
::ffff:105.66.135.6 - - [30/Jan/2024:15:25:45 +0000] "GET /settings/get_tree_state/ HTTP/1.1" 200 2 "http://website.zz.cloudns.ph:8080/browser/" "Mozilla/5.0 (Windows NT 10.0; Win64; x64) AppleWebKit/537.36 (KHTML, like Gecko) Chrome/121.0.0.0 Safari/537.36"
::ffff:105.66.135.6 - - [30/Jan/2024:15:25:45 +0000] "GET /browser/server_group/children/1 HTTP/1.1" 200 362 "http://website.zz.cloudns.ph:8080/browser/" "Mozilla/5.0 (Windows NT 10.0; Win64; x64) AppleWebKit/537.36 (KHTML, like Gecko) Chrome/121.0.0.0 Safari/537.36"
::ffff:105.66.135.6 - - [30/Jan/2024:15:25:45 +0000] "GET /browser/server_group/nodes/ HTTP/1.1" 200 242 "http://website.zz.cloudns.ph:8080/browser/" "Mozilla/5.0 (Windows NT 10.0; Win64; x64) AppleWebKit/537.36 (KHTML, like Gecko) Chrome/121.0.0.0 Safari/537.36"
::ffff:105.66.135.6 - - [30/Jan/2024:15:25:45 +0000] "GET /dashboard/activity/1 HTTP/1.1" 200 831 "http://website.zz.cloudns.ph:8080/browser/" "Mozilla/5.0 (Windows NT 10.0; Win64; x64) AppleWebKit/537.36 (KHTML, like Gecko) Chrome/121.0.0.0 Safari/537.36"
::ffff:105.66.135.6 - - [30/Jan/2024:15:25:45 +0000] "GET /dashboard/dashboard_stats/1?chart_names= HTTP/1.1" 200 2 "http://website.zz.cloudns.ph:8080/browser/" "Mozilla/5.0 (Windows NT 10.0; Win64; x64) AppleWebKit/537.36 (KHTML, like Gecko) Chrome/121.0.0.0 Safari/537.36"
::ffff:105.66.135.6 - - [30/Jan/2024:15:25:45 +0000] "GET /dashboard/dashboard_stats/1?chart_names=session_stats,tps_stats,ti_stats,to_stats,bio_stats HTTP/1.1" 200 246 "http://website.zz.cloudns.ph:8080/browser/" "Mozilla/5.0 (Windows NT 10.0; Win64; x64) AppleWebKit/537.36 (KHTML, like Gecko) Chrome/121.0.0.0 Safari/537.36"
::ffff:105.66.135.6 - - [30/Jan/2024:15:25:45 +0000] "GET /browser/server/connect/1/1 HTTP/1.1" 200 288 "http://website.zz.cloudns.ph:8080/browser/" "Mozilla/5.0 (Windows NT 10.0; Win64; x64) AppleWebKit/537.36 (KHTML, like Gecko) Chrome/121.0.0.0 Safari/537.36"
::ffff:105.66.135.6 - - [30/Jan/2024:15:25:45 +0000] "GET /dashboard/activity/1 HTTP/1.1" 200 831 "http://website.zz.cloudns.ph:8080/browser/" "Mozilla/5.0 (Windows NT 10.0; Win64; x64) AppleWebKit/537.36 (KHTML, like Gecko) Chrome/121.0.0.0 Safari/537.36"
::ffff:105.66.135.6 - - [30/Jan/2024:15:25:49 +0000] "GET /browser/server/children/1/1 HTTP/1.1" 200 233 "http://website.zz.cloudns.ph:8080/browser/" "Mozilla/5.0 (Windows NT 10.0; Win64; x64) AppleWebKit/537.36 (KHTML, like Gecko) Chrome/121.0.0.0 Safari/537.36"
::ffff:105.66.135.6 - - [30/Jan/2024:15:25:50 +0000] "GET /dashboard/dashboard_stats/1?chart_names=session_stats,tps_stats,ti_stats,to_stats,bio_stats HTTP/1.1" 200 247 "http://website.zz.cloudns.ph:8080/browser/" "Mozilla/5.0 (Windows NT 10.0; Win64; x64) AppleWebKit/537.36 (KHTML, like Gecko) Chrome/121.0.0.0 Safari/537.36"
::ffff:105.66.135.6 - - [30/Jan/2024:15:25:51 +0000] "GET /browser/database/nodes/1/1/ HTTP/1.1" 200 299 "http://website.zz.cloudns.ph:8080/browser/" "Mozilla/5.0 (Windows NT 10.0; Win64; x64) AppleWebKit/537.36 (KHTML, like Gecko) Chrome/121.0.0.0 Safari/537.36"
::ffff:105.66.135.6 - - [30/Jan/2024:15:25:51 +0000] "GET /dashboard/activity/1 HTTP/1.1" 200 832 "http://website.zz.cloudns.ph:8080/browser/" "Mozilla/5.0 (Windows NT 10.0; Win64; x64) AppleWebKit/537.36 (KHTML, like Gecko) Chrome/121.0.0.0 Safari/537.36"
::ffff:105.66.135.6 - - [30/Jan/2024:15:25:53 +0000] "GET /browser/database/children/1/1/13423 HTTP/1.1" 200 427 "http://website.zz.cloudns.ph:8080/browser/" "Mozilla/5.0 (Windows NT 10.0; Win64; x64) AppleWebKit/537.36 (KHTML, like Gecko) Chrome/121.0.0.0 Safari/537.36"
::ffff:105.66.135.6 - - [30/Jan/2024:15:25:53 +0000] "GET /dashboard/activity/1/13423 HTTP/1.1" 200 571 "http://website.zz.cloudns.ph:8080/browser/" "Mozilla/5.0 (Windows NT 10.0; Win64; x64) AppleWebKit/537.36 (KHTML, like Gecko) Chrome/121.0.0.0 Safari/537.36"
::ffff:105.66.135.6 - - [30/Jan/2024:15:25:53 +0000] "GET /browser/role/nodes/1/1/ HTTP/1.1" 200 349 "http://website.zz.cloudns.ph:8080/browser/" "Mozilla/5.0 (Windows NT 10.0; Win64; x64) AppleWebKit/537.36 (KHTML, like Gecko) Chrome/121.0.0.0 Safari/537.36"
::ffff:105.66.135.6 - - [30/Jan/2024:15:25:53 +0000] "GET /browser/database/get_encodings/1/1/ HTTP/1.1" 200 380 "http://website.zz.cloudns.ph:8080/browser/" "Mozilla/5.0 (Windows NT 10.0; Win64; x64) AppleWebKit/537.36 (KHTML, like Gecko) Chrome/121.0.0.0 Safari/537.36"
::ffff:105.66.135.6 - - [30/Jan/2024:15:25:53 +0000] "GET /dashboard/dashboard_stats/1/13423?chart_names= HTTP/1.1" 200 2 "http://website.zz.cloudns.ph:8080/browser/" "Mozilla/5.0 (Windows NT 10.0; Win64; x64) AppleWebKit/537.36 (KHTML, like Gecko) Chrome/121.0.0.0 Safari/537.36"
::ffff:105.66.135.6 - - [30/Jan/2024:15:25:53 +0000] "GET /browser/database/get_ctypes/1/1/ HTTP/1.1" 200 164 "http://website.zz.cloudns.ph:8080/browser/" "Mozilla/5.0 (Windows NT 10.0; Win64; x64) AppleWebKit/537.36 (KHTML, like Gecko) Chrome/121.0.0.0 Safari/537.36"
::ffff:105.66.135.6 - - [30/Jan/2024:15:25:53 +0000] "GET /dashboard/dashboard_stats/1/13423?chart_names=session_stats,tps_stats,ti_stats,to_stats,bio_stats HTTP/1.1" 200 243 "http://website.zz.cloudns.ph:8080/browser/" "Mozilla/5.0 (Windows NT 10.0; Win64; x64) AppleWebKit/537.36 (KHTML, like Gecko) Chrome/121.0.0.0 Safari/537.36"
::ffff:105.66.135.6 - - [30/Jan/2024:15:25:53 +0000] "GET /browser/tablespace/nodes/1/1/ HTTP/1.1" 200 419 "http://website.zz.cloudns.ph:8080/browser/" "Mozilla/5.0 (Windows NT 10.0; Win64; x64) AppleWebKit/537.36 (KHTML, like Gecko) Chrome/121.0.0.0 Safari/537.36"
::ffff:105.66.135.6 - - [30/Jan/2024:15:25:53 +0000] "GET /browser/database/get_ctypes/1/1/ HTTP/1.1" 200 164 "http://website.zz.cloudns.ph:8080/browser/" "Mozilla/5.0 (Windows NT 10.0; Win64; x64) AppleWebKit/537.36 (KHTML, like Gecko) Chrome/121.0.0.0 Safari/537.36"
::ffff:105.66.135.6 - - [30/Jan/2024:15:25:58 +0000] "GET /dashboard/dashboard_stats/1/13423?chart_names=session_stats,tps_stats,ti_stats,to_stats,bio_stats HTTP/1.1" 200 243 "http://website.zz.cloudns.ph:8080/browser/" "Mozilla/5.0 (Windows NT 10.0; Win64; x64) AppleWebKit/537.36 (KHTML, like Gecko) Chrome/121.0.0.0 Safari/537.36"
::ffff:105.66.135.6 - - [30/Jan/2024:15:26:03 +0000] "GET /dashboard/dashboard_stats/1/13423?chart_names=session_stats,tps_stats,ti_stats,to_stats,bio_stats HTTP/1.1" 200 243 "http://website.zz.cloudns.ph:8080/browser/" "Mozilla/5.0 (Windows NT 10.0; Win64; x64) AppleWebKit/537.36 (KHTML, like Gecko) Chrome/121.0.0.0 Safari/537.36"
::ffff:105.66.135.6 - - [30/Jan/2024:15:26:09 +0000] "GET /dashboard/dashboard_stats/1/13423?chart_names=session_stats,tps_stats,ti_stats,to_stats,bio_stats HTTP/1.1" 200 243 "http://website.zz.cloudns.ph:8080/browser/" "Mozilla/5.0 (Windows NT 10.0; Win64; x64) AppleWebKit/537.36 (KHTML, like Gecko) Chrome/121.0.0.0 Safari/537.36"
::ffff:105.66.135.6 - - [30/Jan/2024:15:26:14 +0000] "GET /dashboard/dashboard_stats/1/13423?chart_names=session_stats,tps_stats,ti_stats,to_stats,bio_stats HTTP/1.1" 200 243 "http://website.zz.cloudns.ph:8080/browser/" "Mozilla/5.0 (Windows NT 10.0; Win64; x64) AppleWebKit/537.36 (KHTML, like Gecko) Chrome/121.0.0.0 Safari/537.36"
::ffff:105.66.135.6 - - [30/Jan/2024:15:26:15 +0000] "POST /settings/save_tree_state/ HTTP/1.1" 200 63 "http://website.zz.cloudns.ph:8080/browser/" "Mozilla/5.0 (Windows NT 10.0; Win64; x64) AppleWebKit/537.36 (KHTML, like Gecko) Chrome/121.0.0.0 Safari/537.36"
::ffff:105.66.135.6 - - [30/Jan/2024:15:26:15 +0000] "GET /settings/get_tree_state/ HTTP/1.1" 200 238 "http://website.zz.cloudns.ph:8080/browser/" "Mozilla/5.0 (Windows NT 10.0; Win64; x64) AppleWebKit/537.36 (KHTML, like Gecko) Chrome/121.0.0.0 Safari/537.36"
::ffff:105.66.135.6 - - [30/Jan/2024:15:26:16 +0000] "POST /misc/heartbeat/log HTTP/1.1" 200 91 "http://website.zz.cloudns.ph:8080/browser/" "Mozilla/5.0 (Windows NT 10.0; Win64; x64) AppleWebKit/537.36 (KHTML, like Gecko) Chrome/121.0.0.0 Safari/537.36"
::ffff:105.66.135.6 - - [30/Jan/2024:15:26:19 +0000] "GET /dashboard/dashboard_stats/1/13423?chart_names=session_stats,tps_stats,ti_stats,to_stats,bio_stats HTTP/1.1" 200 243 "http://website.zz.cloudns.ph:8080/browser/" "Mozilla/5.0 (Windows NT 10.0; Win64; x64) AppleWebKit/537.36 (KHTML, like Gecko) Chrome/121.0.0.0 Safari/537.36"
::ffff:105.66.135.6 - - [30/Jan/2024:15:26:24 +0000] "GET /dashboard/dashboard_stats/1/13423?chart_names=session_stats,tps_stats,ti_stats,to_stats,bio_stats HTTP/1.1" 200 243 "http://website.zz.cloudns.ph:8080/browser/" "Mozilla/5.0 (Windows NT 10.0; Win64; x64) AppleWebKit/537.36 (KHTML, like Gecko) Chrome/121.0.0.0 Safari/537.36"
::ffff:105.66.135.6 - - [30/Jan/2024:15:26:29 +0000] "GET /dashboard/dashboard_stats/1/13423?chart_names=session_stats,tps_stats,ti_stats,to_stats,bio_stats HTTP/1.1" 200 243 "http://website.zz.cloudns.ph:8080/browser/" "Mozilla/5.0 (Windows NT 10.0; Win64; x64) AppleWebKit/537.36 (KHTML, like Gecko) Chrome/121.0.0.0 Safari/537.36"
::ffff:105.66.135.6 - - [30/Jan/2024:15:26:34 +0000] "GET /dashboard/dashboard_stats/1/13423?chart_names=session_stats,tps_stats,ti_stats,to_stats,bio_stats HTTP/1.1" 200 243 "http://website.zz.cloudns.ph:8080/browser/" "Mozilla/5.0 (Windows NT 10.0; Win64; x64) AppleWebKit/537.36 (KHTML, like Gecko) Chrome/121.0.0.0 Safari/537.36"
::ffff:105.66.135.6 - - [30/Jan/2024:15:26:39 +0000] "GET /dashboard/dashboard_stats/1/13423?chart_names=session_stats,tps_stats,ti_stats,to_stats,bio_stats HTTP/1.1" 200 243 "http://website.zz.cloudns.ph:8080/browser/" "Mozilla/5.0 (Windows NT 10.0; Win64; x64) AppleWebKit/537.36 (KHTML, like Gecko) Chrome/121.0.0.0 Safari/537.36"
::ffff:105.66.135.6 - - [30/Jan/2024:15:26:44 +0000] "GET /dashboard/dashboard_stats/1/13423?chart_names=session_stats,tps_stats,ti_stats,to_stats,bio_stats HTTP/1.1" 200 243 "http://website.zz.cloudns.ph:8080/browser/" "Mozilla/5.0 (Windows NT 10.0; Win64; x64) AppleWebKit/537.36 (KHTML, like Gecko) Chrome/121.0.0.0 Safari/537.36"
::ffff:105.66.135.6 - - [30/Jan/2024:15:26:46 +0000] "POST /misc/heartbeat/log HTTP/1.1" 200 91 "http://website.zz.cloudns.ph:8080/browser/" "Mozilla/5.0 (Windows NT 10.0; Win64; x64) AppleWebKit/537.36 (KHTML, like Gecko) Chrome/121.0.0.0 Safari/537.36"
::ffff:105.66.135.6 - - [30/Jan/2024:15:26:49 +0000] "GET /dashboard/dashboard_stats/1/13423?chart_names=session_stats,tps_stats,ti_stats,to_stats,bio_stats HTTP/1.1" 200 243 "http://website.zz.cloudns.ph:8080/browser/" "Mozilla/5.0 (Windows NT 10.0; Win64; x64) AppleWebKit/537.36 (KHTML, like Gecko) Chrome/121.0.0.0 Safari/537.36"
::ffff:105.66.135.6 - - [30/Jan/2024:15:26:54 +0000] "GET /dashboard/dashboard_stats/1/13423?chart_names=session_stats,tps_stats,ti_stats,to_stats,bio_stats HTTP/1.1" 200 243 "http://website.zz.cloudns.ph:8080/browser/" "Mozilla/5.0 (Windows NT 10.0; Win64; x64) AppleWebKit/537.36 (KHTML, like Gecko) Chrome/121.0.0.0 Safari/537.36"
::ffff:105.66.135.6 - - [30/Jan/2024:15:26:59 +0000] "GET /dashboard/dashboard_stats/1/13423?chart_names=session_stats,tps_stats,ti_stats,to_stats,bio_stats HTTP/1.1" 200 243 "http://website.zz.cloudns.ph:8080/browser/" "Mozilla/5.0 (Windows NT 10.0; Win64; x64) AppleWebKit/537.36 (KHTML, like Gecko) Chrome/121.0.0.0 Safari/537.36"
::ffff:105.66.135.6 - - [30/Jan/2024:15:27:04 +0000] "GET /dashboard/dashboard_stats/1/13423?chart_names=session_stats,tps_stats,ti_stats,to_stats,bio_stats HTTP/1.1" 200 243 "http://website.zz.cloudns.ph:8080/browser/" "Mozilla/5.0 (Windows NT 10.0; Win64; x64) AppleWebKit/537.36 (KHTML, like Gecko) Chrome/121.0.0.0 Safari/537.36"
::ffff:105.66.135.6 - - [30/Jan/2024:15:27:09 +0000] "GET /dashboard/dashboard_stats/1/13423?chart_names=session_stats,tps_stats,ti_stats,to_stats,bio_stats HTTP/1.1" 200 243 "http://website.zz.cloudns.ph:8080/browser/" "Mozilla/5.0 (Windows NT 10.0; Win64; x64) AppleWebKit/537.36 (KHTML, like Gecko) Chrome/121.0.0.0 Safari/537.36"
::ffff:105.66.135.6 - - [30/Jan/2024:15:27:14 +0000] "GET /dashboard/dashboard_stats/1/13423?chart_names=session_stats,tps_stats,ti_stats,to_stats,bio_stats HTTP/1.1" 200 243 "http://website.zz.cloudns.ph:8080/browser/" "Mozilla/5.0 (Windows NT 10.0; Win64; x64) AppleWebKit/537.36 (KHTML, like Gecko) Chrome/121.0.0.0 Safari/537.36"
::ffff:105.66.135.6 - - [30/Jan/2024:15:27:16 +0000] "POST /misc/heartbeat/log HTTP/1.1" 200 91 "http://website.zz.cloudns.ph:8080/browser/" "Mozilla/5.0 (Windows NT 10.0; Win64; x64) AppleWebKit/537.36 (KHTML, like Gecko) Chrome/121.0.0.0 Safari/537.36"
::ffff:105.66.135.6 - - [30/Jan/2024:15:27:19 +0000] "GET /dashboard/dashboard_stats/1/13423?chart_names=session_stats,tps_stats,ti_stats,to_stats,bio_stats HTTP/1.1" 200 243 "http://website.zz.cloudns.ph:8080/browser/" "Mozilla/5.0 (Windows NT 10.0; Win64; x64) AppleWebKit/537.36 (KHTML, like Gecko) Chrome/121.0.0.0 Safari/537.36"
::ffff:105.66.135.6 - - [30/Jan/2024:15:27:24 +0000] "GET /dashboard/dashboard_stats/1/13423?chart_names=session_stats,tps_stats,ti_stats,to_stats,bio_stats HTTP/1.1" 200 243 "http://website.zz.cloudns.ph:8080/browser/" "Mozilla/5.0 (Windows NT 10.0; Win64; x64) AppleWebKit/537.36 (KHTML, like Gecko) Chrome/121.0.0.0 Safari/537.36"
::ffff:105.66.135.6 - - [30/Jan/2024:15:27:29 +0000] "GET /dashboard/dashboard_stats/1/13423?chart_names=session_stats,tps_stats,ti_stats,to_stats,bio_stats HTTP/1.1" 200 243 "http://website.zz.cloudns.ph:8080/browser/" "Mozilla/5.0 (Windows NT 10.0; Win64; x64) AppleWebKit/537.36 (KHTML, like Gecko) Chrome/121.0.0.0 Safari/537.36"
::ffff:105.66.135.6 - - [30/Jan/2024:15:27:34 +0000] "GET /dashboard/dashboard_stats/1/13423?chart_names=session_stats,tps_stats,ti_stats,to_stats,bio_stats HTTP/1.1" 200 243 "http://website.zz.cloudns.ph:8080/browser/" "Mozilla/5.0 (Windows NT 10.0; Win64; x64) AppleWebKit/537.36 (KHTML, like Gecko) Chrome/121.0.0.0 Safari/537.36"
::ffff:105.66.135.6 - - [30/Jan/2024:15:27:39 +0000] "GET /dashboard/dashboard_stats/1/13423?chart_names=session_stats,tps_stats,ti_stats,to_stats,bio_stats HTTP/1.1" 200 243 "http://website.zz.cloudns.ph:8080/browser/" "Mozilla/5.0 (Windows NT 10.0; Win64; x64) AppleWebKit/537.36 (KHTML, like Gecko) Chrome/121.0.0.0 Safari/537.36"
::ffff:105.66.135.6 - - [30/Jan/2024:15:27:44 +0000] "GET /dashboard/dashboard_stats/1/13423?chart_names=session_stats,tps_stats,ti_stats,to_stats,bio_stats HTTP/1.1" 200 243 "http://website.zz.cloudns.ph:8080/browser/" "Mozilla/5.0 (Windows NT 10.0; Win64; x64) AppleWebKit/537.36 (KHTML, like Gecko) Chrome/121.0.0.0 Safari/537.36"
::ffff:105.66.135.6 - - [30/Jan/2024:15:27:46 +0000] "POST /misc/heartbeat/log HTTP/1.1" 200 91 "http://website.zz.cloudns.ph:8080/browser/" "Mozilla/5.0 (Windows NT 10.0; Win64; x64) AppleWebKit/537.36 (KHTML, like Gecko) Chrome/121.0.0.0 Safari/537.36"
::ffff:105.66.135.6 - - [30/Jan/2024:15:27:49 +0000] "GET /dashboard/dashboard_stats/1/13423?chart_names=session_stats,tps_stats,ti_stats,to_stats,bio_stats HTTP/1.1" 200 243 "http://website.zz.cloudns.ph:8080/browser/" "Mozilla/5.0 (Windows NT 10.0; Win64; x64) AppleWebKit/537.36 (KHTML, like Gecko) Chrome/121.0.0.0 Safari/537.36"
::ffff:105.66.135.6 - - [30/Jan/2024:15:27:54 +0000] "GET /dashboard/dashboard_stats/1/13423?chart_names=session_stats,tps_stats,ti_stats,to_stats,bio_stats HTTP/1.1" 200 243 "http://website.zz.cloudns.ph:8080/browser/" "Mozilla/5.0 (Windows NT 10.0; Win64; x64) AppleWebKit/537.36 (KHTML, like Gecko) Chrome/121.0.0.0 Safari/537.36"
::ffff:105.66.135.6 - - [30/Jan/2024:15:27:59 +0000] "GET /dashboard/dashboard_stats/1/13423?chart_names=session_stats,tps_stats,ti_stats,to_stats,bio_stats HTTP/1.1" 200 243 "http://website.zz.cloudns.ph:8080/browser/" "Mozilla/5.0 (Windows NT 10.0; Win64; x64) AppleWebKit/537.36 (KHTML, like Gecko) Chrome/121.0.0.0 Safari/537.36"
::ffff:105.66.135.6 - - [30/Jan/2024:15:28:04 +0000] "GET /dashboard/dashboard_stats/1/13423?chart_names=session_stats,tps_stats,ti_stats,to_stats,bio_stats HTTP/1.1" 200 243 "http://website.zz.cloudns.ph:8080/browser/" "Mozilla/5.0 (Windows NT 10.0; Win64; x64) AppleWebKit/537.36 (KHTML, like Gecko) Chrome/121.0.0.0 Safari/537.36"
::ffff:105.66.135.6 - - [30/Jan/2024:15:28:09 +0000] "GET /dashboard/dashboard_stats/1/13423?chart_names=session_stats,tps_stats,ti_stats,to_stats,bio_stats HTTP/1.1" 200 243 "http://website.zz.cloudns.ph:8080/browser/" "Mozilla/5.0 (Windows NT 10.0; Win64; x64) AppleWebKit/537.36 (KHTML, like Gecko) Chrome/121.0.0.0 Safari/537.36"
::ffff:105.66.135.6 - - [30/Jan/2024:15:28:14 +0000] "GET /dashboard/dashboard_stats/1/13423?chart_names=session_stats,tps_stats,ti_stats,to_stats,bio_stats HTTP/1.1" 200 243 "http://website.zz.cloudns.ph:8080/browser/" "Mozilla/5.0 (Windows NT 10.0; Win64; x64) AppleWebKit/537.36 (KHTML, like Gecko) Chrome/121.0.0.0 Safari/537.36"
::ffff:105.66.135.6 - - [30/Jan/2024:15:28:16 +0000] "POST /misc/heartbeat/log HTTP/1.1" 200 91 "http://website.zz.cloudns.ph:8080/browser/" "Mozilla/5.0 (Windows NT 10.0; Win64; x64) AppleWebKit/537.36 (KHTML, like Gecko) Chrome/121.0.0.0 Safari/537.36"
::ffff:105.66.135.6 - - [30/Jan/2024:15:28:19 +0000] "GET /dashboard/dashboard_stats/1/13423?chart_names=session_stats,tps_stats,ti_stats,to_stats,bio_stats HTTP/1.1" 200 243 "http://website.zz.cloudns.ph:8080/browser/" "Mozilla/5.0 (Windows NT 10.0; Win64; x64) AppleWebKit/537.36 (KHTML, like Gecko) Chrome/121.0.0.0 Safari/537.36"
::ffff:105.66.135.6 - - [30/Jan/2024:15:28:24 +0000] "GET /dashboard/dashboard_stats/1/13423?chart_names=session_stats,tps_stats,ti_stats,to_stats,bio_stats HTTP/1.1" 200 243 "http://website.zz.cloudns.ph:8080/browser/" "Mozilla/5.0 (Windows NT 10.0; Win64; x64) AppleWebKit/537.36 (KHTML, like Gecko) Chrome/121.0.0.0 Safari/537.36"
::ffff:105.66.135.6 - - [30/Jan/2024:15:28:29 +0000] "GET /dashboard/dashboard_stats/1/13423?chart_names=session_stats,tps_stats,ti_stats,to_stats,bio_stats HTTP/1.1" 200 243 "http://website.zz.cloudns.ph:8080/browser/" "Mozilla/5.0 (Windows NT 10.0; Win64; x64) AppleWebKit/537.36 (KHTML, like Gecko) Chrome/121.0.0.0 Safari/537.36"
::ffff:105.66.135.6 - - [30/Jan/2024:15:28:34 +0000] "GET /dashboard/dashboard_stats/1/13423?chart_names=session_stats,tps_stats,ti_stats,to_stats,bio_stats HTTP/1.1" 200 243 "http://website.zz.cloudns.ph:8080/browser/" "Mozilla/5.0 (Windows NT 10.0; Win64; x64) AppleWebKit/537.36 (KHTML, like Gecko) Chrome/121.0.0.0 Safari/537.36"
::ffff:105.66.135.6 - - [30/Jan/2024:15:28:39 +0000] "GET /dashboard/dashboard_stats/1/13423?chart_names=session_stats,tps_stats,ti_stats,to_stats,bio_stats HTTP/1.1" 200 243 "http://website.zz.cloudns.ph:8080/browser/" "Mozilla/5.0 (Windows NT 10.0; Win64; x64) AppleWebKit/537.36 (KHTML, like Gecko) Chrome/121.0.0.0 Safari/537.36"
::ffff:105.66.135.6 - - [30/Jan/2024:15:28:44 +0000] "GET /dashboard/dashboard_stats/1/13423?chart_names=session_stats,tps_stats,ti_stats,to_stats,bio_stats HTTP/1.1" 200 243 "http://website.zz.cloudns.ph:8080/browser/" "Mozilla/5.0 (Windows NT 10.0; Win64; x64) AppleWebKit/537.36 (KHTML, like Gecko) Chrome/121.0.0.0 Safari/537.36"
::ffff:105.66.135.6 - - [30/Jan/2024:15:28:46 +0000] "POST /misc/heartbeat/log HTTP/1.1" 200 91 "http://website.zz.cloudns.ph:8080/browser/" "Mozilla/5.0 (Windows NT 10.0; Win64; x64) AppleWebKit/537.36 (KHTML, like Gecko) Chrome/121.0.0.0 Safari/537.36"
::ffff:105.66.135.6 - - [30/Jan/2024:15:28:49 +0000] "GET /dashboard/dashboard_stats/1/13423?chart_names=session_stats,tps_stats,ti_stats,to_stats,bio_stats HTTP/1.1" 200 243 "http://website.zz.cloudns.ph:8080/browser/" "Mozilla/5.0 (Windows NT 10.0; Win64; x64) AppleWebKit/537.36 (KHTML, like Gecko) Chrome/121.0.0.0 Safari/537.36"
::ffff:105.66.135.6 - - [30/Jan/2024:15:28:54 +0000] "GET /dashboard/dashboard_stats/1/13423?chart_names=session_stats,tps_stats,ti_stats,to_stats,bio_stats HTTP/1.1" 200 243 "http://website.zz.cloudns.ph:8080/browser/" "Mozilla/5.0 (Windows NT 10.0; Win64; x64) AppleWebKit/537.36 (KHTML, like Gecko) Chrome/121.0.0.0 Safari/537.36"
::ffff:105.66.135.6 - - [30/Jan/2024:15:28:59 +0000] "GET /dashboard/dashboard_stats/1/13423?chart_names=session_stats,tps_stats,ti_stats,to_stats,bio_stats HTTP/1.1" 200 243 "http://website.zz.cloudns.ph:8080/browser/" "Mozilla/5.0 (Windows NT 10.0; Win64; x64) AppleWebKit/537.36 (KHTML, like Gecko) Chrome/121.0.0.0 Safari/537.36"
::ffff:105.66.135.6 - - [30/Jan/2024:15:29:04 +0000] "GET /dashboard/dashboard_stats/1/13423?chart_names=session_stats,tps_stats,ti_stats,to_stats,bio_stats HTTP/1.1" 200 243 "http://website.zz.cloudns.ph:8080/browser/" "Mozilla/5.0 (Windows NT 10.0; Win64; x64) AppleWebKit/537.36 (KHTML, like Gecko) Chrome/121.0.0.0 Safari/537.36"
::ffff:105.66.135.6 - - [30/Jan/2024:15:29:09 +0000] "GET /dashboard/dashboard_stats/1/13423?chart_names=session_stats,tps_stats,ti_stats,to_stats,bio_stats HTTP/1.1" 200 243 "http://website.zz.cloudns.ph:8080/browser/" "Mozilla/5.0 (Windows NT 10.0; Win64; x64) AppleWebKit/537.36 (KHTML, like Gecko) Chrome/121.0.0.0 Safari/537.36"
::ffff:105.66.135.6 - - [30/Jan/2024:15:29:14 +0000] "GET /dashboard/dashboard_stats/1/13423?chart_names=session_stats,tps_stats,ti_stats,to_stats,bio_stats HTTP/1.1" 200 243 "http://website.zz.cloudns.ph:8080/browser/" "Mozilla/5.0 (Windows NT 10.0; Win64; x64) AppleWebKit/537.36 (KHTML, like Gecko) Chrome/121.0.0.0 Safari/537.36"
::ffff:105.66.135.6 - - [30/Jan/2024:15:29:16 +0000] "POST /misc/heartbeat/log HTTP/1.1" 200 91 "http://website.zz.cloudns.ph:8080/browser/" "Mozilla/5.0 (Windows NT 10.0; Win64; x64) AppleWebKit/537.36 (KHTML, like Gecko) Chrome/121.0.0.0 Safari/537.36"
::ffff:105.66.135.6 - - [30/Jan/2024:15:29:19 +0000] "GET /dashboard/dashboard_stats/1/13423?chart_names=session_stats,tps_stats,ti_stats,to_stats,bio_stats HTTP/1.1" 200 243 "http://website.zz.cloudns.ph:8080/browser/" "Mozilla/5.0 (Windows NT 10.0; Win64; x64) AppleWebKit/537.36 (KHTML, like Gecko) Chrome/121.0.0.0 Safari/537.36"
::ffff:105.66.135.6 - - [30/Jan/2024:15:29:24 +0000] "GET /dashboard/dashboard_stats/1/13423?chart_names=session_stats,tps_stats,ti_stats,to_stats,bio_stats HTTP/1.1" 200 243 "http://website.zz.cloudns.ph:8080/browser/" "Mozilla/5.0 (Windows NT 10.0; Win64; x64) AppleWebKit/537.36 (KHTML, like Gecko) Chrome/121.0.0.0 Safari/537.36"
::ffff:105.66.135.6 - - [30/Jan/2024:15:29:29 +0000] "GET /dashboard/dashboard_stats/1/13423?chart_names=session_stats,tps_stats,ti_stats,to_stats,bio_stats HTTP/1.1" 200 243 "http://website.zz.cloudns.ph:8080/browser/" "Mozilla/5.0 (Windows NT 10.0; Win64; x64) AppleWebKit/537.36 (KHTML, like Gecko) Chrome/121.0.0.0 Safari/537.36"
::ffff:105.66.135.6 - - [30/Jan/2024:15:29:34 +0000] "GET /dashboard/dashboard_stats/1/13423?chart_names=session_stats,tps_stats,ti_stats,to_stats,bio_stats HTTP/1.1" 200 243 "http://website.zz.cloudns.ph:8080/browser/" "Mozilla/5.0 (Windows NT 10.0; Win64; x64) AppleWebKit/537.36 (KHTML, like Gecko) Chrome/121.0.0.0 Safari/537.36"
::ffff:105.66.135.6 - - [30/Jan/2024:15:29:39 +0000] "GET /dashboard/dashboard_stats/1/13423?chart_names=session_stats,tps_stats,ti_stats,to_stats,bio_stats HTTP/1.1" 200 243 "http://website.zz.cloudns.ph:8080/browser/" "Mozilla/5.0 (Windows NT 10.0; Win64; x64) AppleWebKit/537.36 (KHTML, like Gecko) Chrome/121.0.0.0 Safari/537.36"
::ffff:105.66.135.6 - - [30/Jan/2024:15:29:44 +0000] "GET /dashboard/dashboard_stats/1/13423?chart_names=session_stats,tps_stats,ti_stats,to_stats,bio_stats HTTP/1.1" 200 243 "http://website.zz.cloudns.ph:8080/browser/" "Mozilla/5.0 (Windows NT 10.0; Win64; x64) AppleWebKit/537.36 (KHTML, like Gecko) Chrome/121.0.0.0 Safari/537.36"
::ffff:105.66.135.6 - - [30/Jan/2024:15:29:46 +0000] "POST /misc/heartbeat/log HTTP/1.1" 200 91 "http://website.zz.cloudns.ph:8080/browser/" "Mozilla/5.0 (Windows NT 10.0; Win64; x64) AppleWebKit/537.36 (KHTML, like Gecko) Chrome/121.0.0.0 Safari/537.36"
::ffff:105.66.135.6 - - [30/Jan/2024:15:29:49 +0000] "GET /dashboard/dashboard_stats/1/13423?chart_names=session_stats,tps_stats,ti_stats,to_stats,bio_stats HTTP/1.1" 200 243 "http://website.zz.cloudns.ph:8080/browser/" "Mozilla/5.0 (Windows NT 10.0; Win64; x64) AppleWebKit/537.36 (KHTML, like Gecko) Chrome/121.0.0.0 Safari/537.36"
::ffff:105.66.135.6 - - [30/Jan/2024:15:29:54 +0000] "GET /dashboard/dashboard_stats/1/13423?chart_names=session_stats,tps_stats,ti_stats,to_stats,bio_stats HTTP/1.1" 200 243 "http://website.zz.cloudns.ph:8080/browser/" "Mozilla/5.0 (Windows NT 10.0; Win64; x64) AppleWebKit/537.36 (KHTML, like Gecko) Chrome/121.0.0.0 Safari/537.36"
::ffff:105.66.135.6 - - [30/Jan/2024:15:29:59 +0000] "GET /dashboard/dashboard_stats/1/13423?chart_names=session_stats,tps_stats,ti_stats,to_stats,bio_stats HTTP/1.1" 200 243 "http://website.zz.cloudns.ph:8080/browser/" "Mozilla/5.0 (Windows NT 10.0; Win64; x64) AppleWebKit/537.36 (KHTML, like Gecko) Chrome/121.0.0.0 Safari/537.36"
::ffff:105.66.135.6 - - [30/Jan/2024:15:30:04 +0000] "GET /dashboard/dashboard_stats/1/13423?chart_names=session_stats,tps_stats,ti_stats,to_stats,bio_stats HTTP/1.1" 200 243 "http://website.zz.cloudns.ph:8080/browser/" "Mozilla/5.0 (Windows NT 10.0; Win64; x64) AppleWebKit/537.36 (KHTML, like Gecko) Chrome/121.0.0.0 Safari/537.36"
::ffff:105.66.135.6 - - [30/Jan/2024:15:30:09 +0000] "GET /dashboard/dashboard_stats/1/13423?chart_names=session_stats,tps_stats,ti_stats,to_stats,bio_stats HTTP/1.1" 200 243 "http://website.zz.cloudns.ph:8080/browser/" "Mozilla/5.0 (Windows NT 10.0; Win64; x64) AppleWebKit/537.36 (KHTML, like Gecko) Chrome/121.0.0.0 Safari/537.36"
::ffff:105.66.135.6 - - [30/Jan/2024:15:30:14 +0000] "GET /dashboard/dashboard_stats/1/13423?chart_names=session_stats,tps_stats,ti_stats,to_stats,bio_stats HTTP/1.1" 200 243 "http://website.zz.cloudns.ph:8080/browser/" "Mozilla/5.0 (Windows NT 10.0; Win64; x64) AppleWebKit/537.36 (KHTML, like Gecko) Chrome/121.0.0.0 Safari/537.36"
::ffff:105.66.135.6 - - [30/Jan/2024:15:30:15 +0000] "POST /misc/cleanup HTTP/1.1" 200 0 "http://website.zz.cloudns.ph:8080/browser/" "Mozilla/5.0 (Windows NT 10.0; Win64; x64) AppleWebKit/537.36 (KHTML, like Gecko) Chrome/121.0.0.0 Safari/537.36"
::ffff:105.66.135.6 - - [30/Jan/2024:15:30:16 +0000] "POST /misc/heartbeat/log HTTP/1.1" 200 91 "http://website.zz.cloudns.ph:8080/browser/" "Mozilla/5.0 (Windows NT 10.0; Win64; x64) AppleWebKit/537.36 (KHTML, like Gecko) Chrome/121.0.0.0 Safari/537.36"
::ffff:105.66.135.6 - - [30/Jan/2024:15:30:19 +0000] "GET /dashboard/dashboard_stats/1/13423?chart_names=session_stats,tps_stats,ti_stats,to_stats,bio_stats HTTP/1.1" 200 243 "http://website.zz.cloudns.ph:8080/browser/" "Mozilla/5.0 (Windows NT 10.0; Win64; x64) AppleWebKit/537.36 (KHTML, like Gecko) Chrome/121.0.0.0 Safari/537.36"
::ffff:105.66.135.6 - - [30/Jan/2024:15:30:24 +0000] "GET /dashboard/dashboard_stats/1/13423?chart_names=session_stats,tps_stats,ti_stats,to_stats,bio_stats HTTP/1.1" 200 243 "http://website.zz.cloudns.ph:8080/browser/" "Mozilla/5.0 (Windows NT 10.0; Win64; x64) AppleWebKit/537.36 (KHTML, like Gecko) Chrome/121.0.0.0 Safari/537.36"
::ffff:105.66.135.6 - - [30/Jan/2024:15:30:29 +0000] "GET /dashboard/dashboard_stats/1/13423?chart_names=session_stats,tps_stats,ti_stats,to_stats,bio_stats HTTP/1.1" 200 243 "http://website.zz.cloudns.ph:8080/browser/" "Mozilla/5.0 (Windows NT 10.0; Win64; x64) AppleWebKit/537.36 (KHTML, like Gecko) Chrome/121.0.0.0 Safari/537.36"
